09:29:41,607  INFO ClassPathXmlApplicationContext:578 - Refreshing org.springframework.context.support.ClassPathXmlApplicationContext@6979e8cb: startup date [Sun Apr 28 09:29:41 CST 2019]; root of context hierarchy
09:29:41,838  INFO XmlBeanDefinitionReader:317 - Loading XML bean definitions from class path resource [applicationContext.xml]
09:29:42,806  INFO PropertySourcesPlaceholderConfigurer:172 - Loading properties file from class path resource [jdbc.properties]
09:29:43,212  WARN ClassPathXmlApplicationContext:546 - Exception encountered during context initialization - cancelling refresh attempt: org.springframework.beans.factory.BeanCreationException: Error creating bean with name 'sqlSessionFactory' defined in class path resource [applicationContext.xml]: Invocation of init method failed; nested exception is org.springframework.core.NestedIOException: Failed to parse config resource: class path resource [sqlMapConfig.xml]; nested exception is org.apache.ibatis.builder.BuilderException: Error parsing SQL Mapper Configuration. Cause: org.apache.ibatis.builder.BuilderException: Error creating document instance.  Cause: org.xml.sax.SAXParseException; lineNumber: 8; columnNumber: 32; 元素内容必须由格式正确的字符数据或标记组成。
09:31:04,644  INFO ClassPathXmlApplicationContext:578 - Refreshing org.springframework.context.support.ClassPathXmlApplicationContext@6979e8cb: startup date [Sun Apr 28 09:31:04 CST 2019]; root of context hierarchy
09:31:04,747  INFO XmlBeanDefinitionReader:317 - Loading XML bean definitions from class path resource [applicationContext.xml]
09:31:05,189  INFO PropertySourcesPlaceholderConfigurer:172 - Loading properties file from class path resource [jdbc.properties]
09:31:05,452  WARN ClassPathXmlApplicationContext:546 - Exception encountered during context initialization - cancelling refresh attempt: org.springframework.beans.factory.BeanCreationException: Error creating bean with name 'sqlSessionFactory' defined in class path resource [applicationContext.xml]: Invocation of init method failed; nested exception is org.springframework.core.NestedIOException: Failed to parse config resource: class path resource [sqlMapConfig.xml]; nested exception is org.apache.ibatis.builder.BuilderException: Error parsing SQL Mapper Configuration. Cause: org.apache.ibatis.builder.BuilderException: Error creating document instance.  Cause: org.xml.sax.SAXParseException; lineNumber: 8; columnNumber: 32; 元素内容必须由格式正确的字符数据或标记组成。
09:31:59,594  INFO ClassPathXmlApplicationContext:578 - Refreshing org.springframework.context.support.ClassPathXmlApplicationContext@6979e8cb: startup date [Sun Apr 28 09:31:59 CST 2019]; root of context hierarchy
09:31:59,694  INFO XmlBeanDefinitionReader:317 - Loading XML bean definitions from class path resource [applicationContext.xml]
09:32:00,046  INFO PropertySourcesPlaceholderConfigurer:172 - Loading properties file from class path resource [jdbc.properties]
09:32:00,308  WARN ClassPathXmlApplicationContext:546 - Exception encountered during context initialization - cancelling refresh attempt: org.springframework.beans.factory.BeanCreationException: Error creating bean with name 'sqlSessionFactory' defined in class path resource [applicationContext.xml]: Invocation of init method failed; nested exception is org.springframework.core.NestedIOException: Failed to parse config resource: class path resource [sqlMapConfig.xml]; nested exception is org.apache.ibatis.builder.BuilderException: Error parsing SQL Mapper Configuration. Cause: org.apache.ibatis.builder.BuilderException: Error creating document instance.  Cause: org.xml.sax.SAXParseException; lineNumber: 8; columnNumber: 32; 元素内容必须由格式正确的字符数据或标记组成。
09:33:35,175  INFO ClassPathXmlApplicationContext:578 - Refreshing org.springframework.context.support.ClassPathXmlApplicationContext@6979e8cb: startup date [Sun Apr 28 09:33:35 CST 2019]; root of context hierarchy
09:33:35,329  INFO XmlBeanDefinitionReader:317 - Loading XML bean definitions from class path resource [applicationContext.xml]
09:33:35,899  INFO PropertySourcesPlaceholderConfigurer:172 - Loading properties file from class path resource [jdbc.properties]
09:33:36,341  WARN ClassPathXmlApplicationContext:546 - Exception encountered during context initialization - cancelling refresh attempt: org.springframework.beans.factory.BeanCreationException: Error creating bean with name 'sqlSessionFactory' defined in class path resource [applicationContext.xml]: Invocation of init method failed; nested exception is org.springframework.core.NestedIOException: Failed to parse config resource: class path resource [sqlMapConfig.xml]; nested exception is org.apache.ibatis.builder.BuilderException: Error parsing SQL Mapper Configuration. Cause: org.apache.ibatis.builder.BuilderException: Error creating document instance.  Cause: org.xml.sax.SAXParseException; lineNumber: 8; columnNumber: 32; 元素内容必须由格式正确的字符数据或标记组成。
09:34:10,893  INFO ClassPathXmlApplicationContext:578 - Refreshing org.springframework.context.support.ClassPathXmlApplicationContext@6979e8cb: startup date [Sun Apr 28 09:34:10 CST 2019]; root of context hierarchy
09:34:11,055  INFO XmlBeanDefinitionReader:317 - Loading XML bean definitions from class path resource [applicationContext.xml]
09:34:11,452  INFO PropertySourcesPlaceholderConfigurer:172 - Loading properties file from class path resource [jdbc.properties]
09:34:11,893  WARN ClassPathXmlApplicationContext:546 - Exception encountered during context initialization - cancelling refresh attempt: org.springframework.beans.factory.BeanCreationException: Error creating bean with name 'sqlSessionFactory' defined in class path resource [applicationContext.xml]: Invocation of init method failed; nested exception is org.springframework.core.NestedIOException: Failed to parse config resource: class path resource [sqlMapConfig.xml]; nested exception is org.apache.ibatis.builder.BuilderException: Error parsing SQL Mapper Configuration. Cause: org.apache.ibatis.builder.BuilderException: Error creating document instance.  Cause: org.xml.sax.SAXParseException; lineNumber: 8; columnNumber: 32; 元素内容必须由格式正确的字符数据或标记组成。
09:38:08,704  INFO ClassPathXmlApplicationContext:578 - Refreshing org.springframework.context.support.ClassPathXmlApplicationContext@6979e8cb: startup date [Sun Apr 28 09:38:08 CST 2019]; root of context hierarchy
09:38:08,812  INFO XmlBeanDefinitionReader:317 - Loading XML bean definitions from class path resource [applicationContext.xml]
09:38:09,187  INFO PropertySourcesPlaceholderConfigurer:172 - Loading properties file from class path resource [jdbc.properties]
09:39:44,947  INFO ClassPathXmlApplicationContext:578 - Refreshing org.springframework.context.support.ClassPathXmlApplicationContext@6979e8cb: startup date [Sun Apr 28 09:39:44 CST 2019]; root of context hierarchy
09:39:45,040  INFO XmlBeanDefinitionReader:317 - Loading XML bean definitions from class path resource [applicationContext.xml]
09:39:45,390  INFO PropertySourcesPlaceholderConfigurer:172 - Loading properties file from class path resource [jdbc.properties]
10:00:17,018  INFO ClassPathXmlApplicationContext:578 - Refreshing org.springframework.context.support.ClassPathXmlApplicationContext@6979e8cb: startup date [Sun Apr 28 10:00:17 CST 2019]; root of context hierarchy
10:00:17,186  INFO XmlBeanDefinitionReader:317 - Loading XML bean definitions from class path resource [applicationContext.xml]
10:00:18,199  INFO PropertySourcesPlaceholderConfigurer:172 - Loading properties file from class path resource [jdbc.properties]
10:00:18,385  WARN ClassPathXmlApplicationContext:546 - Exception encountered during context initialization - cancelling refresh attempt: org.springframework.beans.factory.BeanCreationException: Error creating bean with name 'sqlSessionFactory' defined in class path resource [applicationContext.xml]: Initialization of bean failed; nested exception is org.springframework.beans.TypeMismatchException: Failed to convert property value of type [java.lang.String] to required type [java.lang.Class[]] for property 'typeAliases'; nested exception is java.lang.IllegalArgumentException: Cannot find class [com.xx.www.pojo]
10:01:39,822  INFO ClassPathXmlApplicationContext:578 - Refreshing org.springframework.context.support.ClassPathXmlApplicationContext@6979e8cb: startup date [Sun Apr 28 10:01:39 CST 2019]; root of context hierarchy
10:01:39,961  INFO XmlBeanDefinitionReader:317 - Loading XML bean definitions from class path resource [applicationContext.xml]
10:01:40,452  INFO PropertySourcesPlaceholderConfigurer:172 - Loading properties file from class path resource [jdbc.properties]
